17:24:56 INFO  : Registering command handlers for SDK TCF services
17:24:58 INFO  : Launching XSCT server: xsct.bat -interactive M:\Xilinx_projects\OV7670\OV7670.sdk\temp_xsdb_launch_script.tcl
17:25:07 INFO  : XSCT server has started successfully.
17:25:07 INFO  : Successfully done setting XSCT server connection channel  
17:25:20 INFO  : Successfully done setting SDK workspace  
17:25:20 INFO  : Processing command line option -hwspec M:/Xilinx_projects/OV7670/OV7670.sdk/design_1_wrapper.hdf.
17:29:06 INFO  : Connected to target on host '127.0.0.1' and port '3121'.
17:43:50 INFO  : 'targets -set -filter {jtag_cable_name =~ "Digilent JTAG-HS2 201809054758" && level==0} -index 1' command is executed.
17:43:50 INFO  : 'fpga -state' command is executed.
17:43:50 INFO  : Connected to target on host '127.0.0.1' and port '3121'.
17:43:50 INFO  : Jtag cable 'Digilent JTAG-HS2 201809054758' is selected.
17:43:50 INFO  : 'jtag frequency' command is executed.
17:43:50 INFO  : Sourcing of 'M:/Xilinx_projects/OV7670/OV7670.sdk/design_1_wrapper_hw_platform_0/ps7_init.tcl' is done.
17:43:50 INFO  : Context for 'APU' is selected.
17:43:51 INFO  : Hardware design information is loaded from 'M:/Xilinx_projects/OV7670/OV7670.sdk/design_1_wrapper_hw_platform_0/system.hdf'.
17:43:51 INFO  : 'configparams force-mem-access 1' command is executed.
17:43:51 INFO  : Context for 'APU' is selected.
17:43:51 INFO  : 'stop' command is executed.
17:43:51 INFO  : 'ps7_init' command is executed.
17:43:51 INFO  : 'ps7_post_config' command is executed.
17:43:51 INFO  : Context for processor 'ps7_cortexa9_0' is selected.
17:43:51 INFO  : Processor reset is completed for 'ps7_cortexa9_0'.
17:43:51 INFO  : Context for processor 'ps7_cortexa9_0' is selected.
17:43:52 INFO  : The application 'M:/Xilinx_projects/OV7670/OV7670.sdk/Hello/Debug/Hello.elf' is downloaded to processor 'ps7_cortexa9_0'.
17:43:52 INFO  : 'configparams force-mem-access 0' command is executed.
17:43:52 INFO  : ----------------XSDB Script----------------
connect -url tcp:127.0.0.1:3121
source M:/Xilinx_projects/OV7670/OV7670.sdk/design_1_wrapper_hw_platform_0/ps7_init.tcl
targets -set -nocase -filter {name =~"APU*" && jtag_cable_name =~ "Digilent JTAG-HS2 201809054758"} -index 0
loadhw -hw M:/Xilinx_projects/OV7670/OV7670.sdk/design_1_wrapper_hw_platform_0/system.hdf -mem-ranges [list {0x40000000 0xbfffffff}]
configparams force-mem-access 1
targets -set -nocase -filter {name =~"APU*" && jtag_cable_name =~ "Digilent JTAG-HS2 201809054758"} -index 0
stop
ps7_init
ps7_post_config
targets -set -nocase -filter {name =~ "ARM*#0" && jtag_cable_name =~ "Digilent JTAG-HS2 201809054758"} -index 0
rst -processor
targets -set -nocase -filter {name =~ "ARM*#0" && jtag_cable_name =~ "Digilent JTAG-HS2 201809054758"} -index 0
dow M:/Xilinx_projects/OV7670/OV7670.sdk/Hello/Debug/Hello.elf
configparams force-mem-access 0
----------------End of Script----------------

17:43:52 INFO  : Memory regions updated for context APU
17:43:52 INFO  : Context for processor 'ps7_cortexa9_0' is selected.
17:43:52 INFO  : 'con' command is executed.
17:43:52 INFO  : ----------------XSDB Script (After Launch)----------------
targets -set -nocase -filter {name =~ "ARM*#0" && jtag_cable_name =~ "Digilent JTAG-HS2 201809054758"} -index 0
con
----------------End of Script----------------

17:43:52 INFO  : Launch script is exported to file 'M:\Xilinx_projects\OV7670\OV7670.sdk\.sdk\launch_scripts\xilinx_c-c++_application_(system_debugger)\system_debugger_using_debug_hello.elf_on_local.tcl'
